<?xml version="1.0" encoding="UTF-8"?>
<testsuite name="C:/Users/hitan/IdeaProjects/APIAutomationRestAssured"
           tests="2"
           failures="0"
           errors="0"
           skipped="0"
           time="0.007">
    <properties></properties>



            <testcase
                name="testMethodTwo"
                time="0.004"
                classname="org.example.Parallel.MainClass">
            </testcase>
            <testcase
                name="testMethodOne"
                time="0.003"
                classname="org.example.Parallel.MainClass">
            </testcase>
</testsuite>
