<?xml version="1.0" encoding="UTF-8"?>
<testsuite name="APIAutomationRestAssured"
           tests="4"
           failures="0"
           errors="0"
           skipped="0"
           time="0.014">
    <properties></properties>



            <testcase
                name="testLogin"
                time="0.001"
                classname="org.example.ddt.DDT01">
            </testcase>
            <testcase
                name="testLogin"
                time="0.001"
                classname="org.example.ddt.DDT01">
            </testcase>
            <testcase
                name="testLogin"
                time="0.001"
                classname="org.example.ddt.DDT01">
            </testcase>
            <testcase
                name="testLogin"
                time="0.011"
                classname="org.example.ddt.DDT01">
            </testcase>
</testsuite>
