<?xml version="1.0" encoding="UTF-8"?>
<testsuite name="APIAutomationRestAssured"
           tests="13"
           failures="0"
           errors="0"
           skipped="0"
           time="0.031">
    <properties></properties>



            <testcase
                name="loginTest"
                time="0.001"
                classname="org.example.TestNG.TestNG015">
            </testcase>
            <testcase
                name="loginTest"
                time="0.002"
                classname="org.example.TestNG.TestNG015">
            </testcase>
            <testcase
                name="loginTest"
                time="0.002"
                classname="org.example.TestNG.TestNG015">
            </testcase>
            <testcase
                name="loginTest"
                time="0.000"
                classname="org.example.TestNG.TestNG015">
            </testcase>
            <testcase
                name="loginTest"
                time="0.001"
                classname="org.example.TestNG.TestNG015">
            </testcase>
            <testcase
                name="loginTest"
                time="0.002"
                classname="org.example.TestNG.TestNG015">
            </testcase>
            <testcase
                name="loginTest"
                time="0.001"
                classname="org.example.TestNG.TestNG015">
            </testcase>
            <testcase
                name="loginTest"
                time="0.004"
                classname="org.example.TestNG.TestNG015">
            </testcase>
            <testcase
                name="loginTest"
                time="0.001"
                classname="org.example.TestNG.TestNG015">
            </testcase>
            <testcase
                name="loginTest"
                time="0.003"
                classname="org.example.TestNG.TestNG015">
            </testcase>
            <testcase
                name="loginTest"
                time="0.010"
                classname="org.example.TestNG.TestNG015">
            </testcase>
            <testcase
                name="loginTest"
                time="0.002"
                classname="org.example.TestNG.TestNG015">
            </testcase>
            <testcase
                name="loginTest"
                time="0.002"
                classname="org.example.TestNG.TestNG015">
            </testcase>
</testsuite>
