<?xml version="1.0" encoding="UTF-8"?>
<testsuite name="APIAutomationRestAssured"
           tests="3"
           failures="0"
           errors="0"
           skipped="0"
           time="0.012">
    <properties></properties>



            <testcase
                name="demo1"
                time="0.009"
                classname="org.example.TestNG.TestNG014">
            </testcase>
            <testcase
                name="demo3"
                time="0.001"
                classname="org.example.TestNG.TestNG014">
            </testcase>
            <testcase
                name="demo2"
                time="0.002"
                classname="org.example.TestNG.TestNG014">
            </testcase>
</testsuite>
