<?xml version="1.0" encoding="UTF-8"?>
<testsuite name="APIAutomationRestAssured"
           tests="3"
           failures="0"
           errors="0"
           skipped="0"
           time="0.007">
    <properties></properties>



            <testcase
                name="testData"
                time="0.002"
                classname="org.example.ddt.VWORunner">
            </testcase>
            <testcase
                name="testData"
                time="0.004"
                classname="org.example.ddt.VWORunner">
            </testcase>
            <testcase
                name="testData"
                time="0.001"
                classname="org.example.ddt.VWORunner">
            </testcase>
</testsuite>
